<?xml version="1.0" encoding="UTF-8"?>
<!-- Generated by org.testng.reporters.JUnitReportReporter -->
<testsuite hostname="SOOMIN-SAC-217" failures="0" tests="2" name="adminsitetesting.adminlogintest" time="4.194" errors="0" timestamp="28 Sep 2022 18:58:57 GMT" skipped="0">
  <testcase classname="adminsitetesting.adminlogintest" name="PositiveTest" time="2.210"/>
  <testcase classname="adminsitetesting.adminlogintest" name="NegativeTest" time="1.984"/>
</testsuite> <!-- adminsitetesting.adminlogintest -->
