<?xml version="1.0" encoding="UTF-8"?>
<!-- Generated by org.testng.reporters.JUnitReportReporter -->
<testsuite hostname="SOOMIN-SAC-217" failures="0" tests="2" name="customersitetesting.customerlogintest" time="4.722" errors="0" timestamp="29 Sep 2022 14:57:39 GMT" skipped="0">
  <testcase classname="customersitetesting.customerlogintest" name="PositiveTest" time="2.917"/>
  <testcase classname="customersitetesting.customerlogintest" name="NegativeTest" time="1.805"/>
</testsuite> <!-- customersitetesting.customerlogintest -->
