<?xml version="1.0" encoding="UTF-8"?>
<!-- Generated by org.testng.reporters.JUnitReportReporter -->
<testsuite hostname="SOOMIN-SAC-217" failures="0" tests="2" name="customersitetesting.customerlogintest" time="4.237" errors="0" timestamp="28 Sep 2022 18:58:57 GMT" skipped="0">
  <testcase classname="customersitetesting.customerlogintest" name="PositiveTest" time="1.952"/>
  <testcase classname="customersitetesting.customerlogintest" name="NegativeTest" time="2.285"/>
</testsuite> <!-- customersitetesting.customerlogintest -->
