<?xml version="1.0" encoding="UTF-8"?>
<!-- Generated by org.testng.reporters.JUnitReportReporter -->
<testsuite hostname="SOOMIN-SAC-217" failures="0" tests="2" name="adminsitetesting.adminlogintest" time="4.489" errors="0" timestamp="29 Sep 2022 14:57:39 GMT" skipped="0">
  <testcase classname="adminsitetesting.adminlogintest" name="PositiveTest" time="2.308"/>
  <testcase classname="adminsitetesting.adminlogintest" name="NegativeTest" time="2.181"/>
</testsuite> <!-- adminsitetesting.adminlogintest -->
